pyxis: importing docker image: dockerdex.umcn.nl:5005#clemsgrs/slide2vec:prism
pyxis: imported docker image: dockerdex.umcn.nl:5005#clemsgrs/slide2vec:prism
python3: can't open file '/data/temporary/mika/slide_2_vec/update-process-list.py': [Errno 2] No such file or directory
***** starting feature extraction *****
fatal: detected dubious ownership in repository at '/data/temporary/mika/slide_2_vec'
To add an exception for this directory, call:

	git config --global --add safe.directory /data/temporary/mika/slide_2_vec
I20250911 16:52:47 2624113 slide2vec config.py:64] git:
  sha: N/A, status: clean, branch: N/A

I20250911 16:52:47 2624113 slide2vec config.py:20] csv: /data/temporary/mika/liver_slide_full_paths_s2v.csv
output_dir: /data/temporary/mika/test_run
resume: true
resume_dirname: /data/temporary/mika/test_run
visualize: true
seed: 0
tiling:
  read_coordinates_from: null
  backend: asap
  params:
    spacing: 0.5
    tolerance: 0.05
    tile_size: 256
    overlap: 0.0
    min_tissue_percentage: 0.01
    drop_holes: false
    use_padding: true
    tissue_thresh: 0.01
    ref_tile_size: 16
    a_t: 10
    a_h: 16
    max_n_holes: 8
  seg_params:
    downsample: 64
    sthresh: 8
    sthresh_up: 255
    mthresh: 7
    close: 12
    use_otsu: true
    tissue_pixel_value: 1
  filter_params:
    ref_tile_size: 16
    a_t: 4
    a_h: 2
    max_n_holes: 8
  visu_params:
    downsample: 32
  spacing: 0.5
  tile_size: 224
  tissue_pixel_value: 1
  downsample: 64
model:
  level: tile
  name: uni
  mode: cls
  arch: null
  pretrained_weights: null
  batch_size: 1
  tile_size: 224
  patch_size: 224
speed:
  fp16: false
  num_workers_tiling: 16
  num_workers_embedding: 16
wandb:
  enable: false
  project: liver_feature_extraction
  username: salma-dammak
  exp_name: uni
  tags:
  - features
  - tile
  - 224
  dir: /home/salmadammak/wandb
  group: null
  resume_id: /data/temporary/mika/test_run

Note: Environment variable`HF_TOKEN` is set and is the current active token independently from the token you've just configured.
W20250911 16:52:47 2624113 huggingface_hub._login _login.py:415] Note: Environment variable`HF_TOKEN` is set and is the current active token independently from the token you've just configured.
Running tiling.py...

Extracting tissue tiles:   0%|          | 0/2 [00:00<?, ? tissue blob/s]
Extracting tissue tiles:   0%|          | 0/2 [00:00<?, ? tissue blob/s]
Extracting tissue tiles:  50%|█████     | 1/2 [00:00<00:00,  1.34 tissue blob/s]
Extracting tissue tiles:  50%|█████     | 1/2 [00:01<00:01,  1.46s/ tissue blob]
Extracting tissue tiles: 100%|██████████| 2/2 [00:01<00:00,  1.70 tissue blob/s]
Extracting tissue tiles: 100%|██████████| 2/2 [00:01<00:00,  1.63 tissue blob/s]

Extracting tissue tiles: 100%|██████████| 2/2 [00:01<00:00,  1.39 tissue blob/s]
Extracting tissue tiles: 100%|██████████| 2/2 [00:01<00:00,  1.21 tissue blob/s]

Extracting tissue tiles:   0%|          | 0/5 [00:00<?, ? tissue blob/s]
Extracting tissue tiles:   0%|          | 0/5 [00:00<?, ? tissue blob/s]
Extracting tissue tiles:   0%|          | 0/2 [00:00<?, ? tissue blob/s]
Extracting tissue tiles:   0%|          | 0/4 [00:00<?, ? tissue blob/s]
Extracting tissue tiles:   0%|          | 0/8 [00:00<?, ? tissue blob/s]
Extracting tissue tiles:   0%|          | 0/6 [00:00<?, ? tissue blob/s]
Extracting tissue tiles: 100%|██████████| 2/2 [00:00<00:00,  2.89 tissue blob/s]
Extracting tissue tiles: 100%|██████████| 2/2 [00:00<00:00,  2.88 tissue blob/s]

Extracting tissue tiles:  75%|███████▌  | 3/4 [00:00<00:00,  3.90 tissue blob/s]
Extracting tissue tiles:  40%|████      | 2/5 [00:01<00:01,  1.76 tissue blob/s]
Extracting tissue tiles:  62%|██████▎   | 5/8 [00:00<00:00,  5.38 tissue blob/s]
Extracting tissue tiles: 100%|██████████| 4/4 [00:01<00:00,  3.31 tissue blob/s]
Extracting tissue tiles: 100%|██████████| 4/4 [00:01<00:00,  3.42 tissue blob/s]

Extracting tissue tiles: 100%|██████████| 5/5 [00:01<00:00,  4.20 tissue blob/s]
Extracting tissue tiles: 100%|██████████| 5/5 [00:01<00:00,  3.60 tissue blob/s]

Extracting tissue tiles:  50%|█████     | 3/6 [00:01<00:01,  2.64 tissue blob/s]
Extracting tissue tiles:  40%|████      | 2/5 [00:01<00:02,  1.27 tissue blob/s]
Extracting tissue tiles: 100%|██████████| 5/5 [00:01<00:00,  3.57 tissue blob/s]
Extracting tissue tiles: 100%|██████████| 5/5 [00:01<00:00,  2.94 tissue blob/s]

Extracting tissue tiles: 100%|██████████| 8/8 [00:01<00:00,  4.81 tissue blob/s]
Extracting tissue tiles: 100%|██████████| 8/8 [00:01<00:00,  4.91 tissue blob/s]

Extracting tissue tiles:  83%|████████▎ | 5/6 [00:01<00:00,  2.88 tissue blob/s]
Extracting tissue tiles: 100%|██████████| 6/6 [00:01<00:00,  3.40 tissue blob/s]

Slide tiling:   0%|          | 0/8 [00:00<?, ?slide/s]
Slide tiling: 100%|██████████| 8/8 [00:00<00:00, 129553.79slide/s]
=+==+==+==+==+==+==+==+==+==+=
Total number of slides: 8
Failed tiling: 0
No tiles after tiling step: 0
=+==+==+==+==+==+==+==+==+==+=
Tiling completed.
=+==+==+==+==+==+==+==+==+==+=
Running embed.py...
WARNING:__main__:
*****************************************
Setting OMP_NUM_THREADS environment variable for each process to be 1 in default, to avoid your system being overloaded, please further tune the variable for optimal performance in your application as needed.
*****************************************
Traceback (most recent call last):
  File "/data/temporary/mika/slide_2_vec/slide2vec/embed.py", line 3, in <module>
    import h5pyTraceback (most recent call last):

  File "/data/temporary/mika/slide_2_vec/slide2vec/embed.py", line 3, in <module>
ModuleNotFoundError: No module named 'h5py'
    import h5py
ModuleNotFoundError: No module named 'h5py'
Traceback (most recent call last):
  File "/data/temporary/mika/slide_2_vec/slide2vec/embed.py", line 3, in <module>
    import h5py
ModuleNotFoundError: No module named 'h5py'
Traceback (most recent call last):
  File "/data/temporary/mika/slide_2_vec/slide2vec/embed.py", line 3, in <module>
    import h5py
ModuleNotFoundError: No module named 'h5py'
[2025-09-11 16:53:15,511] torch.distributed.elastic.multiprocessing.api: [ERROR] failed (exitcode: 1) local_rank: 0 (pid: 2627895) of binary: /usr/local/bin/python3
Traceback (most recent call last):
  File "/usr/local/lib/python3.10/runpy.py", line 196, in _run_module_as_main
    return _run_code(code, main_globals, None,
  File "/usr/local/lib/python3.10/runpy.py", line 86, in _run_code
    exec(code, run_globals)
  File "/usr/local/lib/python3.10/site-packages/torch/distributed/run.py", line 816, in <module>
    main()
  File "/usr/local/lib/python3.10/site-packages/torch/distributed/elastic/multiprocessing/errors/__init__.py", line 347, in wrapper
    return f(*args, **kwargs)
  File "/usr/local/lib/python3.10/site-packages/torch/distributed/run.py", line 812, in main
    run(args)
  File "/usr/local/lib/python3.10/site-packages/torch/distributed/run.py", line 803, in run
    elastic_launch(
  File "/usr/local/lib/python3.10/site-packages/torch/distributed/launcher/api.py", line 135, in __call__
    return launch_agent(self._config, self._entrypoint, list(args))
  File "/usr/local/lib/python3.10/site-packages/torch/distributed/launcher/api.py", line 268, in launch_agent
    raise ChildFailedError(
torch.distributed.elastic.multiprocessing.errors.ChildFailedError:
============================================================
slide2vec/embed.py FAILED
------------------------------------------------------------
Failures:
[1]:
  time      : 2025-09-11_16:53:15
  host      : dlc-lugia
  rank      : 1 (local_rank: 1)
  exitcode  : 1 (pid: 2627896)
  error_file: <N/A>
  traceback : To enable traceback see: https://pytorch.org/docs/stable/elastic/errors.html
[2]:
  time      : 2025-09-11_16:53:15
  host      : dlc-lugia
  rank      : 2 (local_rank: 2)
  exitcode  : 1 (pid: 2627897)
  error_file: <N/A>
  traceback : To enable traceback see: https://pytorch.org/docs/stable/elastic/errors.html
[3]:
  time      : 2025-09-11_16:53:15
  host      : dlc-lugia
  rank      : 3 (local_rank: 3)
  exitcode  : 1 (pid: 2627898)
  error_file: <N/A>
  traceback : To enable traceback see: https://pytorch.org/docs/stable/elastic/errors.html
------------------------------------------------------------
Root Cause (first observed failure):
[0]:
  time      : 2025-09-11_16:53:15
  host      : dlc-lugia
  rank      : 0 (local_rank: 0)
  exitcode  : 1 (pid: 2627895)
  error_file: <N/A>
  traceback : To enable traceback see: https://pytorch.org/docs/stable/elastic/errors.html
============================================================
Feature extraction failed. Exiting.
