pyxis: importing docker image: dockerdex.umcn.nl:5005#clemsgrs/slide2vec:prism
pyxis: imported docker image: dockerdex.umcn.nl:5005#clemsgrs/slide2vec:prism
Hit:1 http://archive.ubuntu.com/ubuntu jammy InRelease
Get:2 http://archive.ubuntu.com/ubuntu jammy-updates InRelease [128 kB]
Get:3 http://security.ubuntu.com/ubuntu jammy-security InRelease [129 kB]
Get:4 https://developer.download.nvidia.com/compute/cuda/repos/ubuntu2204/x86_64  InRelease [1581 B]
Get:5 http://archive.ubuntu.com/ubuntu jammy-backports InRelease [127 kB]
Get:6 http://security.ubuntu.com/ubuntu jammy-security/multiverse amd64 Packages [80.3 kB]
Get:7 https://developer.download.nvidia.com/compute/cuda/repos/ubuntu2204/x86_64  Packages [2006 kB]
Get:8 http://security.ubuntu.com/ubuntu jammy-security/main amd64 Packages [3311 kB]
Get:9 http://security.ubuntu.com/ubuntu jammy-security/universe amd64 Packages [1274 kB]
Get:10 http://archive.ubuntu.com/ubuntu jammy-updates/multiverse amd64 Packages [88.8 kB]
Get:11 http://security.ubuntu.com/ubuntu jammy-security/restricted amd64 Packages [5441 kB]
Get:12 http://archive.ubuntu.com/ubuntu jammy-updates/universe amd64 Packages [1581 kB]
Get:13 http://archive.ubuntu.com/ubuntu jammy-updates/restricted amd64 Packages [5627 kB]
Get:14 http://archive.ubuntu.com/ubuntu jammy-updates/main amd64 Packages [3624 kB]
Get:15 http://archive.ubuntu.com/ubuntu jammy-backports/main amd64 Packages [83.2 kB]
Get:16 http://archive.ubuntu.com/ubuntu jammy-backports/universe amd64 Packages [35.2 kB]
Fetched 23.5 MB in 2s (15.1 MB/s)
Reading package lists...
Reading package lists...
Building dependency tree...
Reading state information...
The following additional packages will be installed:
  distro-info-data libcbor0.8 libfido2-1 libxmuu1 lsb-release ncurses-term
  openssh-client openssh-sftp-server python3-distro ssh-import-id xauth
Suggested packages:
  keychain libpam-ssh monkeysphere ssh-askpass molly-guard ufw
The following NEW packages will be installed:
  distro-info-data libcbor0.8 libfido2-1 libxmuu1 lsb-release ncurses-term
  openssh-client openssh-server openssh-sftp-server python3-distro
  ssh-import-id xauth
0 upgraded, 12 newly installed, 0 to remove and 116 not upgraded.
Need to get 1832 kB of archives.
After this operation, 9830 kB of additional disk space will be used.
Get:1 http://archive.ubuntu.com/ubuntu jammy/main amd64 libcbor0.8 amd64 0.8.0-2ubuntu1 [24.6 kB]
Get:2 http://archive.ubuntu.com/ubuntu jammy/main amd64 libfido2-1 amd64 1.10.0-1 [82.8 kB]
Get:3 http://archive.ubuntu.com/ubuntu jammy-updates/main amd64 openssh-client amd64 1:8.9p1-3ubuntu0.13 [903 kB]
Get:4 http://archive.ubuntu.com/ubuntu jammy-updates/main amd64 openssh-sftp-server amd64 1:8.9p1-3ubuntu0.13 [38.7 kB]
Get:5 http://archive.ubuntu.com/ubuntu jammy-updates/main amd64 openssh-server amd64 1:8.9p1-3ubuntu0.13 [435 kB]
Get:6 http://archive.ubuntu.com/ubuntu jammy-updates/main amd64 distro-info-data all 0.52ubuntu0.9 [5336 B]
Get:7 http://archive.ubuntu.com/ubuntu jammy/main amd64 lsb-release all 11.1.0ubuntu4 [10.8 kB]
Get:8 http://archive.ubuntu.com/ubuntu jammy/main amd64 libxmuu1 amd64 2:1.1.3-3 [10.2 kB]
Get:9 http://archive.ubuntu.com/ubuntu jammy/main amd64 xauth amd64 1:1.1-1build2 [27.5 kB]
Get:10 http://archive.ubuntu.com/ubuntu jammy-updates/main amd64 ncurses-term all 6.3-2ubuntu0.1 [267 kB]
Get:11 http://archive.ubuntu.com/ubuntu jammy/main amd64 python3-distro all 1.7.0-1 [17.0 kB]
Get:12 http://archive.ubuntu.com/ubuntu jammy/main amd64 ssh-import-id all 5.11-0ubuntu1 [10.1 kB]
debconf: delaying package configuration, since apt-utils is not installed
Fetched 1832 kB in 0s (5479 kB/s)
dpkg: error: requested operation requires superuser privilege
E: Sub-process /usr/bin/dpkg returned an error code (2)
vscode://vscode-remote/ssh-remote+mikaklepper@dlc-lugia:45544/home/mikaklepper?ssh=/Users/mikaklepper/.ssh/id_ed25519
Started SSH on port 45544
/var/spool/slurm/d/job348159/slurm_script: line 35: /usr/sbin/sshd: Is a directory
