pyxis: importing docker image: dockerdex.umcn.nl:5005#clemsgrs/slide2vec:v1.2.3
pyxis: imported docker image: dockerdex.umcn.nl:5005#clemsgrs/slide2vec:v1.2.3
 Running Slide2Vec with config: liver_uni.yaml
I20251013 13:37:27 3370810 slide2vec config.py:64] git:
  sha: 59507a7546ee6eb693c5a4bf458ee43e629f7465, status: has uncommitted changes, branch: main

I20251013 13:37:27 3370810 slide2vec config.py:20] csv: /data/temporary/mika/repos/oaks_project/splitting_data/Subsets/val_balanced_subset_paths.csv
output_dir: /data/temporary/toxicology/TG-GATES/liver/UNI
resume: true
resume_dirname: /data/temporary/toxicology/TG-GATES/liver/UNI
visualize: true
seed: 0
tiling:
  read_coordinates_from: null
  backend: asap
  params:
    spacing: 0.5
    tolerance: 0.05
    tile_size: 256
    overlap: 0.0
    min_tissue_percentage: 0.01
    drop_holes: false
    use_padding: true
    tissue_thresh: 0.01
    ref_tile_size: 16
    a_t: 10
    a_h: 16
    max_n_holes: 8
  seg_params:
    downsample: 64
    sthresh: 8
    sthresh_up: 255
    mthresh: 7
    close: 12
    use_otsu: true
    tissue_pixel_value: 1
  filter_params:
    ref_tile_size: 16
    a_t: 4
    a_h: 2
    max_n_holes: 8
  visu_params:
    downsample: 32
  spacing: 0.5
  tile_size: 224
  tissue_pixel_value: 1
  downsample: 64
model:
  level: tile
  name: uni
  mode: cls
  arch: null
  pretrained_weights: null
  batch_size: 8
  tile_size: 224
  patch_size: 224
speed:
  fp16: false
  num_workers_tiling: 16
  num_workers_embedding: 16
wandb:
  enable: false
  project: liver_feature_extraction
  username: mikaklepper10
  exp_name: uni
  tags:
  - features
  - tile
  - 224
  dir: /home/mikaklepper/wandb
  group: null
  resume_id: /data/temporary/toxicology/TG-GATES/liver/UNI

Note: Environment variable`HF_TOKEN` is set and is the current active token independently from the token you've just configured.
W20251013 13:37:27 3370810 huggingface_hub._login _login.py:415] Note: Environment variable`HF_TOKEN` is set and is the current active token independently from the token you've just configured.
Running tiling.py...
Traceback (most recent call last):
  File "/data/temporary/mika/repos/oaks_project/slide_2_vec/slide2vec/tiling.py", line 449, in <module>
    main(args)
  File "/data/temporary/mika/repos/oaks_project/slide_2_vec/slide2vec/tiling.py", line 368, in main
    process_df = pd.read_csv(process_list)
  File "/usr/local/lib/python3.10/dist-packages/pandas/io/parsers/readers.py", line 1026, in read_csv
    return _read(filepath_or_buffer, kwds)
  File "/usr/local/lib/python3.10/dist-packages/pandas/io/parsers/readers.py", line 620, in _read
    parser = TextFileReader(filepath_or_buffer, **kwds)
  File "/usr/local/lib/python3.10/dist-packages/pandas/io/parsers/readers.py", line 1620, in __init__
    self._engine = self._make_engine(f, self.engine)
  File "/usr/local/lib/python3.10/dist-packages/pandas/io/parsers/readers.py", line 1898, in _make_engine
    return mapping[engine](f, **self.options)
  File "/usr/local/lib/python3.10/dist-packages/pandas/io/parsers/c_parser_wrapper.py", line 93, in __init__
    self._reader = parsers.TextReader(src, **kwds)
  File "pandas/_libs/parsers.pyx", line 581, in pandas._libs.parsers.TextReader.__cinit__
pandas.errors.EmptyDataError: No columns to parse from file
Slide tiling failed. Exiting.
 Slide2Vec job completed successfully.
