pyxis: importing docker image: dockerdex.umcn.nl:5005#clemsgrs/slide2vec:v1.2.3
pyxis: imported docker image: dockerdex.umcn.nl:5005#clemsgrs/slide2vec:v1.2.3
Installing openslide...
Requirement already satisfied: openslide-python in /usr/local/lib/python3.10/dist-packages (1.4.2)
Collecting openslide-bin
  Downloading openslide_bin-4.0.0.8-py3-none-manylinux_2_28_x86_64.whl.metadata (4.5 kB)
Requirement already satisfied: Pillow in /usr/local/lib/python3.10/dist-packages (from openslide-python) (11.3.0)
Downloading openslide_bin-4.0.0.8-py3-none-manylinux_2_28_x86_64.whl (4.3 MB)
   ━━━━━━━━━━━━━━━━━━━━━━━━━━━━━━━━━━━━━━━━ 4.3/4.3 MB 203.6 MB/s  0:00:00
Installing collected packages: openslide-bin
Successfully installed openslide-bin-4.0.0.8
Logging in to Hugging Face...
usage: huggingface-cli <command> [<args>]
huggingface-cli: error: unrecognized arguments: --stdin
Running Slide2Vec with config: /home/mikaklepper/temporary/repos/slide_2_vec/liver_uni.yaml
fatal: detected dubious ownership in repository at '/data/temporary/mika/repos/slide_2_vec'
To add an exception for this directory, call:

	git config --global --add safe.directory /data/temporary/mika/repos/slide_2_vec
I20251006 08:23:24 1694098 slide2vec config.py:64] git:
  sha: N/A, status: clean, branch: N/A

I20251006 08:23:24 1694098 slide2vec config.py:20] csv: /data/temporary/mika/repos/slide_2_vec/liver_slide_full_paths_s2v.csv
output_dir: /data/temporary/mika/outputs_slide_2_vec/uni_output
resume: true
resume_dirname: /data/temporary/mika/outputs_slide_2_vec/uni_output
visualize: true
seed: 0
tiling:
  read_coordinates_from: null
  backend: openslide
  params:
    spacing: 0.5
    tolerance: 0.05
    tile_size: 256
    overlap: 0.0
    min_tissue_percentage: 0.01
    drop_holes: false
    use_padding: true
    tissue_thresh: 0.01
    ref_tile_size: 16
    a_t: 10
    a_h: 16
    max_n_holes: 8
  seg_params:
    downsample: 64
    sthresh: 8
    sthresh_up: 255
    mthresh: 7
    close: 12
    use_otsu: true
    tissue_pixel_value: 1
  filter_params:
    ref_tile_size: 16
    a_t: 4
    a_h: 2
    max_n_holes: 8
  visu_params:
    downsample: 32
  spacing: 0.5
  tile_size: 224
  tissue_pixel_value: 1
  downsample: 64
model:
  level: tile
  name: uni
  mode: cls
  arch: null
  pretrained_weights: null
  batch_size: 1
  tile_size: 224
  patch_size: 224
speed:
  fp16: false
  num_workers_tiling: 16
  num_workers_embedding: 16
wandb:
  enable: false
  project: liver_feature_extraction
  username: mikaklepper10
  exp_name: uni
  tags:
  - features
  - tile
  - 224
  dir: /home/mikaklepper/wandb
  group: null
  resume_id: /data/temporary/mika/outputs_slide_2_vec/uni_output

Note: Environment variable`HF_TOKEN` is set and is the current active token independently from the token you've just configured.
W20251006 08:23:24 1694098 huggingface_hub._login _login.py:415] Note: Environment variable`HF_TOKEN` is set and is the current active token independently from the token you've just configured.
Running tiling.py...
=+==+==+==+==+==+==+==+==+==+=
All slides have been tiled. Skipping tiling step.
=+==+==+==+==+==+==+==+==+==+=
Tiling completed.
=+==+==+==+==+==+==+==+==+==+=
Running embed.py...
/usr/local/lib/python3.10/dist-packages/torch/cuda/__init__.py:283: UserWarning:
    Found GPU0 NVIDIA GeForce GTX 1080 Ti which is of cuda capability 6.1.
    Minimum and Maximum cuda capability supported by this version of PyTorch is
    (7.0) - (12.0)

  warnings.warn(
/usr/local/lib/python3.10/dist-packages/torch/cuda/__init__.py:304: UserWarning:
    Please install PyTorch with a following CUDA
    configurations:  12.6 following instructions at
    https://pytorch.org/get-started/locally/

  warnings.warn(matched_cuda_warn.format(matched_arches))
/usr/local/lib/python3.10/dist-packages/torch/cuda/__init__.py:326: UserWarning:
NVIDIA GeForce GTX 1080 Ti with CUDA capability sm_61 is not compatible with the current PyTorch installation.
The current PyTorch install supports CUDA capabilities sm_70 sm_75 sm_80 sm_86 sm_90 sm_100 sm_120.
If you want to use the NVIDIA GeForce GTX 1080 Ti GPU with PyTorch, please check the instructions at https://pytorch.org/get-started/locally/

  warnings.warn(
/data/temporary/mika/repos/slide_2_vec/slide2vec/models/layers/swiglu_ffn.py:38: UserWarning: xFormers is available (SwiGLU)
  warnings.warn("xFormers is available (SwiGLU)")
/data/temporary/mika/repos/slide_2_vec/slide2vec/models/layers/attention.py:14: UserWarning: xFormers is available (Attention)
  warnings.warn("xFormers is available (Attention)")
/data/temporary/mika/repos/slide_2_vec/slide2vec/models/layers/block.py:44: UserWarning: xFormers is available (Block)
  warnings.warn("xFormers is available (Block)")
/usr/local/lib/python3.10/dist-packages/torch/distributed/distributed_c10d.py:4807: UserWarning: No device id is provided via `init_process_group` or `barrier `. Using the current device set by the user.
  warnings.warn(  # warn only once
[rank0]:[W1006 08:23:37.471645979 ProcessGroupNCCL.cpp:5023] [PG ID 0 PG GUID 0 Rank 0]  using GPU 0 as device used by this process is currently unknown. This can potentially cause a hang if this rank to GPU mapping is incorrect. You can specify device_id in init_process_group() to force use of a particular device.
[rank0]: Traceback (most recent call last):
[rank0]:   File "/data/temporary/mika/repos/slide_2_vec/slide2vec/embed.py", line 297, in <module>
[rank0]:     main(args)
[rank0]:   File "/data/temporary/mika/repos/slide_2_vec/slide2vec/embed.py", line 123, in main
[rank0]:     setup_distributed()
[rank0]:   File "/data/temporary/mika/repos/slide_2_vec/slide2vec/utils/config.py", line 77, in setup_distributed
[rank0]:     distributed.enable(overwrite=True)
[rank0]:   File "/data/temporary/mika/repos/slide_2_vec/slide2vec/distributed/__init__.py", line 293, in enable
[rank0]:     dist.barrier()
[rank0]:   File "/usr/local/lib/python3.10/dist-packages/torch/distributed/c10d_logger.py", line 81, in wrapper
[rank0]:     return func(*args, **kwargs)
[rank0]:   File "/usr/local/lib/python3.10/dist-packages/torch/distributed/distributed_c10d.py", line 4811, in barrier
[rank0]:     work = group.barrier(opts=opts)
[rank0]: torch.AcceleratorError: CUDA error: no kernel image is available for execution on the device
[rank0]: CUDA kernel errors might be asynchronously reported at some other API call, so the stacktrace below might be incorrect.
[rank0]: For debugging consider passing CUDA_LAUNCH_BLOCKING=1
[rank0]: Compile with `TORCH_USE_CUDA_DSA` to enable device-side assertions.

[rank0]:[W1006 08:23:38.892091579 ProcessGroupNCCL.cpp:1538] Warning: WARNING: destroy_process_group() was not called before program exit, which can leak resources. For more info, please see https://pytorch.org/docs/stable/distributed.html#shutdown (function operator())
E1006 08:23:38.690000 1697295 torch/distributed/elastic/multiprocessing/api.py:874] failed (exitcode: 1) local_rank: 0 (pid: 1697534) of binary: /usr/bin/python3
Traceback (most recent call last):
  File "/usr/lib/python3.10/runpy.py", line 196, in _run_module_as_main
    return _run_code(code, main_globals, None,
  File "/usr/lib/python3.10/runpy.py", line 86, in _run_code
    exec(code, run_globals)
  File "/usr/local/lib/python3.10/dist-packages/torch/distributed/run.py", line 905, in <module>
    main()
  File "/usr/local/lib/python3.10/dist-packages/torch/distributed/elastic/multiprocessing/errors/__init__.py", line 357, in wrapper
    return f(*args, **kwargs)
  File "/usr/local/lib/python3.10/dist-packages/torch/distributed/run.py", line 901, in main
    run(args)
  File "/usr/local/lib/python3.10/dist-packages/torch/distributed/run.py", line 892, in run
    elastic_launch(
  File "/usr/local/lib/python3.10/dist-packages/torch/distributed/launcher/api.py", line 143, in __call__
    return launch_agent(self._config, self._entrypoint, list(args))
  File "/usr/local/lib/python3.10/dist-packages/torch/distributed/launcher/api.py", line 277, in launch_agent
    raise ChildFailedError(
torch.distributed.elastic.multiprocessing.errors.ChildFailedError:
============================================================
slide2vec/embed.py FAILED
------------------------------------------------------------
Failures:
  <NO_OTHER_FAILURES>
------------------------------------------------------------
Root Cause (first observed failure):
[0]:
  time      : 2025-10-06_08:23:38
  host      : dlc-mewtwo
  rank      : 0 (local_rank: 0)
  exitcode  : 1 (pid: 1697534)
  error_file: <N/A>
  traceback : To enable traceback see: https://pytorch.org/docs/stable/elastic/errors.html
============================================================
Feature extraction failed. Exiting.
 Slide2Vec job completed.
