pyxis: importing docker image: dockerdex.umcn.nl:5005#clemsgrs/slide2vec:v1.2.3
pyxis: imported docker image: dockerdex.umcn.nl:5005#clemsgrs/slide2vec:v1.2.3
 Running Slide2Vec with config: liver_uni.yaml
I20251013 13:18:17 3351133 slide2vec config.py:64] git:
  sha: 59507a7546ee6eb693c5a4bf458ee43e629f7465, status: has uncommitted changes, branch: main

I20251013 13:18:17 3351133 slide2vec config.py:20] csv: /data/temporary/mika/repos/oaks_project/splitting_data/Subsets/val_balanced_subset_paths.csv
output_dir: /data/temporary/toxicology/TG-GATES/liver/UNI
resume: true
resume_dirname: /data/temporary/toxicology/TG-GATES/liver/UNI
visualize: true
seed: 0
tiling:
  read_coordinates_from: null
  backend: asap
  params:
    spacing: 0.5
    tolerance: 0.05
    tile_size: 256
    overlap: 0.0
    min_tissue_percentage: 0.01
    drop_holes: false
    use_padding: true
    tissue_thresh: 0.01
    ref_tile_size: 16
    a_t: 10
    a_h: 16
    max_n_holes: 8
  seg_params:
    downsample: 64
    sthresh: 8
    sthresh_up: 255
    mthresh: 7
    close: 12
    use_otsu: true
    tissue_pixel_value: 1
  filter_params:
    ref_tile_size: 16
    a_t: 4
    a_h: 2
    max_n_holes: 8
  visu_params:
    downsample: 32
  spacing: 0.5
  tile_size: 224
  tissue_pixel_value: 1
  downsample: 64
model:
  level: tile
  name: uni
  mode: cls
  arch: null
  pretrained_weights: null
  batch_size: 16
  tile_size: 224
  patch_size: 224
speed:
  fp16: false
  num_workers_tiling: 16
  num_workers_embedding: 16
wandb:
  enable: false
  project: liver_feature_extraction
  username: mikaklepper10
  exp_name: uni
  tags:
  - features
  - tile
  - 224
  dir: /home/mikaklepper/wandb
  group: null
  resume_id: /data/temporary/toxicology/TG-GATES/liver/UNI

Note: Environment variable`HF_TOKEN` is set and is the current active token independently from the token you've just configured.
W20251013 13:18:17 3351133 huggingface_hub._login _login.py:415] Note: Environment variable`HF_TOKEN` is set and is the current active token independently from the token you've just configured.
Running tiling.py...
=+==+==+==+==+==+==+==+==+==+=
All slides have been tiled. Skipping tiling step.
=+==+==+==+==+==+==+==+==+==+=
Tiling completed.
=+==+==+==+==+==+==+==+==+==+=
Running embed.py...
/data/temporary/mika/repos/oaks_project/slide_2_vec/slide2vec/models/layers/swiglu_ffn.py:38: UserWarning: xFormers is available (SwiGLU)
  warnings.warn("xFormers is available (SwiGLU)")
/data/temporary/mika/repos/oaks_project/slide_2_vec/slide2vec/models/layers/attention.py:14: UserWarning: xFormers is available (Attention)
  warnings.warn("xFormers is available (Attention)")
/data/temporary/mika/repos/oaks_project/slide_2_vec/slide2vec/models/layers/block.py:44: UserWarning: xFormers is available (Block)
  warnings.warn("xFormers is available (Block)")
/usr/local/lib/python3.10/dist-packages/torch/distributed/distributed_c10d.py:4807: UserWarning: No device id is provided via `init_process_group` or `barrier `. Using the current device set by the user.
  warnings.warn(  # warn only once
[rank0]:[W1013 13:18:32.329238474 ProcessGroupNCCL.cpp:5023] [PG ID 0 PG GUID 0 Rank 0]  using GPU 0 as device used by this process is currently unknown. This can potentially cause a hang if this rank to GPU mapping is incorrect. You can specify device_id in init_process_group() to force use of a particular device.
Starting tile-level feature extraction...
/usr/local/lib/python3.10/dist-packages/torch/distributed/distributed_c10d.py:4807: UserWarning: No device id is provided via `init_process_group` or `barrier `. Using the current device set by the user.
  warnings.warn(  # warn only once
transforms: Compose(
    Resize(size=224, interpolation=bilinear, max_size=None, antialias=True)
    CenterCrop(size=(224, 224))
    MaybeToTensor()
    Normalize(mean=tensor([0.4850, 0.4560, 0.4060]), std=tensor([0.2290, 0.2240, 0.2250]))
)


Inference:   0%|          | 0/21940 [00:00<?, ?slide/s][A

Inference:   0%|          | 1/21940 [00:00<4:31:06,  1.35slide/s][A

Inference:   0%|          | 2/21940 [00:01<3:35:02,  1.70slide/s][A

Inference:   0%|          | 3/21940 [00:01<3:15:07,  1.87slide/s][A

Inference:   0%|          | 4/21940 [00:02<3:05:04,  1.98slide/s][A

Inference:   0%|          | 5/21940 [00:02<3:02:15,  2.01slide/s][A

Inference:   0%|          | 6/21940 [00:03<2:58:31,  2.05slide/s][A

Inference:   0%|          | 7/21940 [00:03<2:57:35,  2.06slide/s][A

Inference:   0%|          | 8/21940 [00:04<2:54:02,  2.10slide/s][A

Inference:   0%|          | 9/21940 [00:04<2:51:42,  2.13slide/s][A

Inference:   0%|          | 10/21940 [00:05<2:55:12,  2.09slide/s][A

Inference:   0%|          | 11/21940 [00:05<3:10:24,  1.92slide/s][A

Inference:   0%|          | 12/21940 [00:06<3:00:33,  2.02slide/s][A

Inference:   0%|          | 13/21940 [00:06<2:53:06,  2.11slide/s][A

Inference:   0%|          | 14/21940 [00:06<2:53:52,  2.10slide/s][A

Inference:   0%|          | 15/21940 [00:07<2:52:31,  2.12slide/s][A

Inference:   0%|          | 16/21940 [00:07<2:50:10,  2.15slide/s][A

Inference:   0%|          | 17/21940 [00:08<2:46:45,  2.19slide/s][A

Inference:   0%|          | 18/21940 [00:08<2:43:54,  2.23slide/s][A

Inference:   0%|          | 19/21940 [00:09<2:48:16,  2.17slide/s][A

Inference:   0%|          | 20/21940 [00:09<2:46:50,  2.19slide/s][A

Inference:   0%|          | 21/21940 [00:10<2:41:57,  2.26slide/s][A

Inference:   0%|          | 22/21940 [00:10<2:47:05,  2.19slide/s][A

Inference:   0%|          | 23/21940 [00:11<2:48:03,  2.17slide/s][A

Inference:   0%|          | 24/21940 [00:11<2:52:33,  2.12slide/s][A

Inference:   0%|          | 25/21940 [00:12<2:58:41,  2.04slide/s][A

Inference:   0%|          | 26/21940 [00:12<3:00:25,  2.02slide/s][A

Inference:   0%|          | 27/21940 [00:13<2:58:12,  2.05slide/s][A

Inference:   0%|          | 28/21940 [00:13<3:06:58,  1.95slide/s][A

Inference:   0%|          | 29/21940 [00:14<3:08:52,  1.93slide/s][A

Inference:   0%|          | 30/21940 [00:14<3:03:23,  1.99slide/s][A

Inference:   0%|          | 31/21940 [00:15<3:00:15,  2.03slide/s][A

Inference:   0%|          | 32/21940 [00:15<2:56:10,  2.07slide/s][A

Inference:   0%|          | 33/21940 [00:16<2:58:47,  2.04slide/s][A

Inference:   0%|          | 34/21940 [00:16<2:55:15,  2.08slide/s][A

Inference:   0%|          | 35/21940 [00:16<2:51:59,  2.12slide/s][A

Inference:   0%|          | 36/21940 [00:17<3:22:09,  1.81slide/s][A

Inference:   0%|          | 37/21940 [00:18<3:23:05,  1.80slide/s][A

Inference:   0%|          | 38/21940 [00:18<3:22:58,  1.80slide/s][A

Inference:   0%|          | 39/21940 [00:19<3:41:05,  1.65slide/s][A

Inference:   0%|          | 40/21940 [00:20<3:24:51,  1.78slide/s][A

Inference:   0%|          | 41/21940 [00:20<3:19:12,  1.83slide/s][A

Inference:   0%|          | 42/21940 [00:20<3:04:52,  1.97slide/s][A

Inference:   0%|          | 43/21940 [00:21<2:57:15,  2.06slide/s][A

Inference:   0%|          | 44/21940 [00:21<3:03:53,  1.98slide/s][A

Inference:   0%|          | 45/21940 [00:22<3:00:18,  2.02slide/s][A

Inference:   0%|          | 46/21940 [00:22<2:54:15,  2.09slide/s][A

Inference:   0%|          | 47/21940 [00:23<2:47:40,  2.18slide/s][A

Inference:   0%|          | 48/21940 [00:23<2:56:30,  2.07slide/s][A

Inference:   0%|          | 49/21940 [00:24<3:16:05,  1.86slide/s][A

Inference:   0%|          | 50/21940 [00:24<3:07:51,  1.94slide/s][A

Inference:   0%|          | 51/21940 [00:25<2:59:53,  2.03slide/s][A

Inference:   0%|          | 52/21940 [00:25<2:57:00,  2.06slide/s][A

Inference:   0%|          | 53/21940 [00:26<2:51:41,  2.12slide/s][A

Inference:   0%|          | 54/21940 [00:26<2:54:59,  2.08slide/s][A

Inference:   0%|          | 55/21940 [00:27<2:52:54,  2.11slide/s][A

Inference:   0%|          | 56/21940 [00:27<2:51:40,  2.12slide/s][A

Inference:   0%|          | 57/21940 [00:28<2:47:38,  2.18slide/s][A

Inference:   0%|          | 58/21940 [00:28<2:44:11,  2.22slide/s][A

Inference:   0%|          | 59/21940 [00:29<2:49:04,  2.16slide/s][A

Inference:   0%|          | 60/21940 [00:29<3:00:31,  2.02slide/s][A

Inference:   0%|          | 61/21940 [00:30<3:03:19,  1.99slide/s][A

Inference:   0%|          | 62/21940 [00:30<3:05:52,  1.96slide/s][A

Inference:   0%|          | 63/21940 [00:31<3:09:03,  1.93slide/s][A

Inference:   0%|          | 64/21940 [00:31<3:06:40,  1.95slide/s][A

Inference:   0%|          | 65/21940 [00:32<3:01:33,  2.01slide/s][A

Inference:   0%|          | 66/21940 [00:32<2:59:55,  2.03slide/s][A

Inference:   0%|          | 67/21940 [00:33<3:02:47,  1.99slide/s][A

Inference:   0%|          | 68/21940 [00:33<2:55:02,  2.08slide/s][A

Inference:   0%|          | 69/21940 [00:34<2:55:22,  2.08slide/s][A

Inference:   0%|          | 70/21940 [00:34<2:55:44,  2.07slide/s][A

Inference:   0%|          | 71/21940 [00:35<2:57:13,  2.06slide/s][A

Inference:   0%|          | 72/21940 [00:35<2:54:40,  2.09slide/s][A

Inference:   0%|          | 73/21940 [00:35<2:48:24,  2.16slide/s][A

Inference:   0%|          | 74/21940 [00:36<2:52:56,  2.11slide/s][A

Inference:   0%|          | 75/21940 [00:36<2:48:39,  2.16slide/s][A

Inference:   0%|          | 76/21940 [00:37<2:57:38,  2.05slide/s][A

Inference:   0%|          | 77/21940 [00:37<2:53:17,  2.10slide/s][A

Inference:   0%|          | 78/21940 [00:38<2:53:47,  2.10slide/s][A

Inference:   0%|          | 79/21940 [00:38<2:56:44,  2.06slide/s][A

Inference:   0%|          | 80/21940 [00:39<3:02:14,  2.00slide/s][A

Inference:   0%|          | 81/21940 [00:39<2:54:20,  2.09slide/s][A

Inference:   0%|          | 82/21940 [00:40<2:48:47,  2.16slide/s][A

Inference:   0%|          | 83/21940 [00:40<2:48:03,  2.17slide/s][A

Inference:   0%|          | 84/21940 [00:41<2:55:00,  2.08slide/s][A

Inference:   0%|          | 85/21940 [00:41<3:04:08,  1.98slide/s][A

Inference:   0%|          | 86/21940 [00:42<2:56:46,  2.06slide/s][A

Inference:   0%|          | 87/21940 [00:42<3:12:03,  1.90slide/s][A

Inference:   0%|          | 88/21940 [00:43<3:13:16,  1.88slide/s][A

Inference:   0%|          | 89/21940 [00:43<3:22:14,  1.80slide/s][A

Inference:   0%|          | 90/21940 [00:44<3:14:24,  1.87slide/s][A

Inference:   0%|          | 91/21940 [00:44<3:05:34,  1.96slide/s][A

Inference:   0%|          | 92/21940 [00:45<3:13:30,  1.88slide/s][A

Inference:   0%|          | 93/21940 [00:46<3:10:34,  1.91slide/s][A

Inference:   0%|          | 94/21940 [00:46<3:02:05,  2.00slide/s][A

Inference:   0%|          | 95/21940 [00:47<3:07:04,  1.95slide/s][A

Inference:   0%|          | 96/21940 [00:47<2:56:15,  2.07slide/s][A

Inference:   0%|          | 97/21940 [00:47<3:03:31,  1.98slide/s][A

Inference:   0%|          | 98/21940 [00:48<3:21:06,  1.81slide/s][A

Inference:   0%|          | 99/21940 [00:49<3:22:33,  1.80slide/s][A

Inference:   0%|          | 100/21940 [00:49<3:12:58,  1.89slide/s][A

Inference:   0%|          | 101/21940 [00:50<3:10:32,  1.91slide/s][A

Inference:   0%|          | 102/21940 [00:50<3:05:00,  1.97slide/s][A

Inference:   0%|          | 103/21940 [00:51<2:56:54,  2.06slide/s][A

Inference:   0%|          | 104/21940 [00:51<2:55:44,  2.07slide/s][A

Inference:   0%|          | 105/21940 [00:52<2:59:20,  2.03slide/s][A

Inference:   0%|          | 106/21940 [00:52<3:02:16,  2.00slide/s][A

Inference:   0%|          | 107/21940 [00:53<3:01:06,  2.01slide/s][A

Inference:   0%|          | 108/21940 [00:53<3:08:03,  1.93slide/s][A

Inference:   0%|          | 109/21940 [00:54<3:10:43,  1.91slide/s][A

Inference:   1%|          | 110/21940 [00:54<3:12:46,  1.89slide/s][A

Inference:   1%|          | 111/21940 [00:55<3:21:10,  1.81slide/s][A

Inference:   1%|          | 112/21940 [00:55<3:12:14,  1.89slide/s][A

Inference:   1%|          | 113/21940 [00:56<3:09:41,  1.92slide/s][A

Inference:   1%|          | 114/21940 [00:56<3:18:33,  1.83slide/s][A

Inference:   1%|          | 115/21940 [00:57<3:10:59,  1.90slide/s][A

Inference:   1%|          | 116/21940 [00:58<3:29:30,  1.74slide/s][A

Inference:   1%|          | 117/21940 [00:58<3:25:24,  1.77slide/s][A

Inference:   1%|          | 118/21940 [00:59<3:16:32,  1.85slide/s][A

Inference:   1%|          | 119/21940 [00:59<3:07:16,  1.94slide/s][A

Inference:   1%|          | 120/21940 [01:00<3:04:47,  1.97slide/s][A

Inference:   1%|          | 121/21940 [01:00<3:06:38,  1.95slide/s][A

Inference:   1%|          | 122/21940 [01:01<3:06:01,  1.95slide/s][A

Inference:   1%|          | 123/21940 [01:01<3:06:23,  1.95slide/s][A

Inference:   1%|          | 124/21940 [01:02<3:02:16,  1.99slide/s][A

Inference:   1%|          | 125/21940 [01:02<3:10:00,  1.91slide/s][A

Inference:   1%|          | 126/21940 [01:03<3:12:18,  1.89slide/s][A

Inference:   1%|          | 127/21940 [01:03<3:11:35,  1.90slide/s][A

Inference:   1%|          | 128/21940 [01:04<3:06:27,  1.95slide/s][A

Inference:   1%|          | 129/21940 [01:04<3:01:12,  2.01slide/s][A

Inference:   1%|          | 130/21940 [01:05<3:09:14,  1.92slide/s][A

Inference:   1%|          | 131/21940 [01:05<3:12:12,  1.89slide/s][A

Inference:   1%|          | 132/21940 [01:06<3:12:37,  1.89slide/s][A

Inference:   1%|          | 133/21940 [01:06<3:18:51,  1.83slide/s][A

Inference:   1%|          | 134/21940 [01:07<3:21:54,  1.80slide/s][A

Inference:   1%|          | 135/21940 [01:08<3:27:38,  1.75slide/s][A

Inference:   1%|          | 136/21940 [01:08<3:21:32,  1.80slide/s][A

Inference:   1%|          | 137/21940 [01:09<3:23:21,  1.79slide/s][A

Inference:   1%|          | 138/21940 [01:09<3:25:18,  1.77slide/s][A

Inference:   1%|          | 139/21940 [01:10<3:13:34,  1.88slide/s][A

Inference:   1%|          | 140/21940 [01:10<3:16:30,  1.85slide/s][A

Inference:   1%|          | 141/21940 [01:11<3:21:18,  1.80slide/s][A

Inference:   1%|          | 142/21940 [01:11<3:18:47,  1.83slide/s][A

Inference:   1%|          | 143/21940 [01:12<3:21:46,  1.80slide/s][A

Inference:   1%|          | 144/21940 [01:12<3:11:40,  1.90slide/s][A

Inference:   1%|          | 145/21940 [01:13<3:08:21,  1.93slide/s][A

Inference:   1%|          | 146/21940 [01:13<3:02:30,  1.99slide/s][A

Inference:   1%|          | 147/21940 [01:14<2:59:17,  2.03slide/s][A

Inference:   1%|          | 148/21940 [01:14<2:54:58,  2.08slide/s][A

Inference:   1%|          | 149/21940 [01:15<3:08:43,  1.92slide/s][A

Inference:   1%|          | 150/21940 [01:15<3:07:48,  1.93slide/s][A

Inference:   1%|          | 151/21940 [01:16<3:02:28,  1.99slide/s][A

Inference:   1%|          | 152/21940 [01:16<3:04:53,  1.96slide/s][A

Inference:   1%|          | 153/21940 [01:17<2:56:01,  2.06slide/s][A

Inference:   1%|          | 154/21940 [01:17<2:51:26,  2.12slide/s][A

Inference:   1%|          | 155/21940 [01:18<2:58:01,  2.04slide/s][A

Inference:   1%|          | 156/21940 [01:18<3:14:56,  1.86slide/s][A

Inference:   1%|          | 157/21940 [01:19<3:34:16,  1.69slide/s][A

Inference:   1%|          | 158/21940 [01:20<3:39:29,  1.65slide/s][A

Inference:   1%|          | 159/21940 [01:21<3:54:47,  1.55slide/s][A

Inference:   1%|          | 160/21940 [01:21<3:32:13,  1.71slide/s][A

Inference:   1%|          | 161/21940 [01:21<3:14:20,  1.87slide/s][A

Inference:   1%|          | 162/21940 [01:22<3:02:28,  1.99slide/s][A

Inference:   1%|          | 163/21940 [01:22<2:55:57,  2.06slide/s][A

Inference:   1%|          | 164/21940 [01:23<2:51:36,  2.11slide/s][A

Inference:   1%|          | 165/21940 [01:23<2:49:50,  2.14slide/s][A

Inference:   1%|          | 166/21940 [01:24<2:49:40,  2.14slide/s][A

Inference:   1%|          | 167/21940 [01:24<2:46:17,  2.18slide/s][A

Inference:   1%|          | 168/21940 [01:25<2:54:07,  2.08slide/s][A

Inference:   1%|          | 169/21940 [01:25<2:50:47,  2.12slide/s][A

Inference:   1%|          | 170/21940 [01:26<3:13:14,  1.88slide/s][A

Inference:   1%|          | 171/21940 [01:26<3:06:16,  1.95slide/s][A

Inference:   1%|          | 172/21940 [01:27<3:00:48,  2.01slide/s][A

Inference:   1%|          | 173/21940 [01:27<2:54:30,  2.08slide/s][A

Inference:   1%|          | 174/21940 [01:28<2:49:44,  2.14slide/s][A

Inference:   1%|          | 175/21940 [01:28<2:50:34,  2.13slide/s][A

Inference:   1%|          | 176/21940 [01:29<2:48:58,  2.15slide/s][A

Inference:   1%|          | 177/21940 [01:29<2:47:31,  2.17slide/s][A

Inference:   1%|          | 178/21940 [01:29<2:50:34,  2.13slide/s][A

Inference:   1%|          | 179/21940 [01:30<2:49:25,  2.14slide/s][A

Inference:   1%|          | 180/21940 [01:30<2:51:28,  2.11slide/s][A

Inference:   1%|          | 181/21940 [01:31<2:52:49,  2.10slide/s][A

Inference:   1%|          | 182/21940 [01:31<2:48:44,  2.15slide/s][A

Inference:   1%|          | 183/21940 [01:32<2:47:47,  2.16slide/s][A

Inference:   1%|          | 184/21940 [01:32<2:59:45,  2.02slide/s][A

Inference:   1%|          | 185/21940 [01:33<2:53:49,  2.09slide/s][A

Inference:   1%|          | 186/21940 [01:33<2:58:56,  2.03slide/s][A

Inference:   1%|          | 187/21940 [01:34<3:30:08,  1.73slide/s][A

Inference:   1%|          | 188/21940 [01:35<3:26:38,  1.75slide/s][A

Inference:   1%|          | 189/21940 [01:35<3:43:47,  1.62slide/s][A

Inference:   1%|          | 190/21940 [01:36<3:41:59,  1.63slide/s][A

Inference:   1%|          | 191/21940 [01:36<3:31:44,  1.71slide/s][A

Inference:   1%|          | 192/21940 [01:37<3:21:46,  1.80slide/s][A

Inference:   1%|          | 193/21940 [01:38<3:19:13,  1.82slide/s][A

Inference:   1%|          | 194/21940 [01:38<3:06:58,  1.94slide/s][A

Inference:   1%|          | 195/21940 [01:38<2:59:55,  2.01slide/s][A

Inference:   1%|          | 196/21940 [01:39<2:55:08,  2.07slide/s][A

Inference:   1%|          | 197/21940 [01:40<3:17:50,  1.83slide/s][A

Inference:   1%|          | 198/21940 [01:40<3:08:29,  1.92slide/s][A

Inference:   1%|          | 199/21940 [01:41<3:06:16,  1.95slide/s][A

Inference:   1%|          | 200/21940 [01:41<3:01:37,  2.00slide/s][A

Inference:   1%|          | 201/21940 [01:41<3:00:46,  2.00slide/s][A

Inference:   1%|          | 202/21940 [01:42<2:56:08,  2.06slide/s][A

Inference:   1%|          | 203/21940 [01:42<2:53:46,  2.08slide/s][A

Inference:   1%|          | 204/21940 [01:43<2:55:13,  2.07slide/s][A

Inference:   1%|          | 205/21940 [01:43<2:55:03,  2.07slide/s][A

Inference:   1%|          | 206/21940 [01:44<2:50:47,  2.12slide/s][A

Inference:   1%|          | 207/21940 [01:44<2:46:36,  2.17slide/s][A

slurmstepd: error: *** JOB 405187 ON dlc-lugia CANCELLED AT 2025-10-13T13:20:28 ***
Inference:   1%|          | 208/21940 [01:45<3:01:55,  1.99slide/s][A

Inference:   1%|          | 209/21940 [01:46<3:22:03,  1.79slide/s][A

Inference:   1%|          | 210/21940 [01:46<3:22:13,  1.79slide/s][A

Inference:   1%|          | 211/21940 [01:47<3:15:29,  1.85slide/s][A

Inference:   1%|          | 212/21940 [01:47<3:07:49,  1.93slide/s][A

Inference:   1%|          | 213/21940 [01:48<3:09:34,  1.91slide/s][A

Inference:   1%|          | 214/21940 [01:48<3:06:54,  1.94slide/s][A

