pyxis: importing docker image: dockerdex.umcn.nl:5005#clemsgrs/slide2vec:v1.2.3
pyxis: imported docker image: dockerdex.umcn.nl:5005#clemsgrs/slide2vec:v1.2.3
Installing dependencies...
Looking in indexes: https://pypi.org/simple, https://download.pytorch.org/whl/cu113
Collecting torch==1.12.1+cu113
  Downloading https://download.pytorch.org/whl/cu113/torch-1.12.1%2Bcu113-cp310-cp310-linux_x86_64.whl (1837.7 MB)
     ━━━━━━━━━━━━━━━━━━━━━━━━━━━━━━━━━━━━━━━━ 1.8/1.8 GB 455.7 MB/s  0:00:04
Collecting torchvision==0.13.1+cu113
  Downloading https://download.pytorch.org/whl/cu113/torchvision-0.13.1%2Bcu113-cp310-cp310-linux_x86_64.whl (23.4 MB)
     ━━━━━━━━━━━━━━━━━━━━━━━━━━━━━━━━━━━━━━━━ 23.4/23.4 MB 377.7 MB/s  0:00:00
Collecting torchaudio==0.12.1
  Downloading https://download.pytorch.org/whl/cu113/torchaudio-0.12.1%2Bcu113-cp310-cp310-linux_x86_64.whl (3.8 MB)
     ━━━━━━━━━━━━━━━━━━━━━━━━━━━━━━━━━━━━━━━━ 3.8/3.8 MB 474.2 MB/s  0:00:00
Requirement already satisfied: typing-extensions in /usr/local/lib/python3.10/dist-packages (from torch==1.12.1+cu113) (4.15.0)
Requirement already satisfied: numpy in /usr/local/lib/python3.10/dist-packages (from torchvision==0.13.1+cu113) (1.26.4)
Requirement already satisfied: requests in /usr/local/lib/python3.10/dist-packages (from torchvision==0.13.1+cu113) (2.32.5)
Requirement already satisfied: pillow!=8.3.*,>=5.3.0 in /usr/local/lib/python3.10/dist-packages (from torchvision==0.13.1+cu113) (11.3.0)
Requirement already satisfied: charset_normalizer<4,>=2 in /usr/local/lib/python3.10/dist-packages (from requests->torchvision==0.13.1+cu113) (3.4.3)
Requirement already satisfied: idna<4,>=2.5 in /usr/local/lib/python3.10/dist-packages (from requests->torchvision==0.13.1+cu113) (3.10)
Requirement already satisfied: urllib3<3,>=1.21.1 in /usr/local/lib/python3.10/dist-packages (from requests->torchvision==0.13.1+cu113) (2.5.0)
Requirement already satisfied: certifi>=2017.4.17 in /usr/local/lib/python3.10/dist-packages (from requests->torchvision==0.13.1+cu113) (2025.8.3)
Installing collected packages: torch, torchvision, torchaudio
  Attempting uninstall: torch
    Found existing installation: torch 2.8.0
    Uninstalling torch-2.8.0:
      Successfully uninstalled torch-2.8.0
  Attempting uninstall: torchvision
    Found existing installation: torchvision 0.23.0
    Uninstalling torchvision-0.23.0:
      Successfully uninstalled torchvision-0.23.0

ERROR: pip's dependency resolver does not currently take into account all the packages that are installed. This behaviour is the source of the following dependency conflicts.
xformers 0.0.32.post2 requires torch==2.8.0, but you have torch 1.12.1+cu113 which is incompatible.
Successfully installed torch-1.12.1+cu113 torchaudio-0.12.1+cu113 torchvision-0.13.1+cu113
Requirement already satisfied: openslide-python in /usr/local/lib/python3.10/dist-packages (1.4.2)
Collecting openslide-bin
  Downloading openslide_bin-4.0.0.8-py3-none-manylinux_2_28_x86_64.whl.metadata (4.5 kB)
Requirement already satisfied: Pillow in /usr/local/lib/python3.10/dist-packages (from openslide-python) (11.3.0)
Downloading openslide_bin-4.0.0.8-py3-none-manylinux_2_28_x86_64.whl (4.3 MB)
   ━━━━━━━━━━━━━━━━━━━━━━━━━━━━━━━━━━━━━━━━ 4.3/4.3 MB 91.8 MB/s  0:00:00
Installing collected packages: openslide-bin
Successfully installed openslide-bin-4.0.0.8
Logging in to Hugging Face...
usage: huggingface-cli <command> [<args>]
huggingface-cli: error: unrecognized arguments: --stdin
Running Slide2Vec with config: /home/mikaklepper/temporary/repos/slide_2_vec/liver_uni.yaml
fatal: detected dubious ownership in repository at '/data/temporary/mika/repos/slide_2_vec'
To add an exception for this directory, call:

	git config --global --add safe.directory /data/temporary/mika/repos/slide_2_vec
I20251004 11:09:56 1199780 slide2vec config.py:64] git:
  sha: N/A, status: clean, branch: N/A

I20251004 11:09:56 1199780 slide2vec config.py:20] csv: /data/temporary/mika/repos/slide_2_vec/liver_slide_full_paths_s2v.csv
output_dir: /data/temporary/mika/outputs_slide_2_vec/uni_output
resume: true
resume_dirname: /data/temporary/mika/outputs_slide_2_vec/uni_output
visualize: true
seed: 0
tiling:
  read_coordinates_from: null
  backend: openslide
  params:
    spacing: 0.5
    tolerance: 0.05
    tile_size: 256
    overlap: 0.0
    min_tissue_percentage: 0.01
    drop_holes: false
    use_padding: true
    tissue_thresh: 0.01
    ref_tile_size: 16
    a_t: 10
    a_h: 16
    max_n_holes: 8
  seg_params:
    downsample: 64
    sthresh: 8
    sthresh_up: 255
    mthresh: 7
    close: 12
    use_otsu: true
    tissue_pixel_value: 1
  filter_params:
    ref_tile_size: 16
    a_t: 4
    a_h: 2
    max_n_holes: 8
  visu_params:
    downsample: 32
  spacing: 0.5
  tile_size: 224
  tissue_pixel_value: 1
  downsample: 64
model:
  level: tile
  name: uni
  mode: cls
  arch: null
  pretrained_weights: null
  batch_size: 1
  tile_size: 224
  patch_size: 224
speed:
  fp16: false
  num_workers_tiling: 16
  num_workers_embedding: 16
wandb:
  enable: false
  project: liver_feature_extraction
  username: mikaklepper10
  exp_name: uni
  tags:
  - features
  - tile
  - 224
  dir: /home/mikaklepper/wandb
  group: null
  resume_id: /data/temporary/mika/outputs_slide_2_vec/uni_output

Traceback (most recent call last):
  File "/usr/local/lib/python3.10/dist-packages/urllib3/connection.py", line 198, in _new_conn
    sock = connection.create_connection(
  File "/usr/local/lib/python3.10/dist-packages/urllib3/util/connection.py", line 60, in create_connection
    for res in socket.getaddrinfo(host, port, family, socket.SOCK_STREAM):
  File "/usr/lib/python3.10/socket.py", line 955, in getaddrinfo
    for res in _socket.getaddrinfo(host, port, family, type, proto, flags):
socket.gaierror: [Errno -3] Temporary failure in name resolution

The above exception was the direct cause of the following exception:

Traceback (most recent call last):
  File "/usr/local/lib/python3.10/dist-packages/urllib3/connectionpool.py", line 787, in urlopen
    response = self._make_request(
  File "/usr/local/lib/python3.10/dist-packages/urllib3/connectionpool.py", line 488, in _make_request
    raise new_e
  File "/usr/local/lib/python3.10/dist-packages/urllib3/connectionpool.py", line 464, in _make_request
    self._validate_conn(conn)
  File "/usr/local/lib/python3.10/dist-packages/urllib3/connectionpool.py", line 1093, in _validate_conn
    conn.connect()
  File "/usr/local/lib/python3.10/dist-packages/urllib3/connection.py", line 753, in connect
    self.sock = sock = self._new_conn()
  File "/usr/local/lib/python3.10/dist-packages/urllib3/connection.py", line 205, in _new_conn
    raise NameResolutionError(self.host, self, e) from e
urllib3.exceptions.NameResolutionError: <urllib3.connection.HTTPSConnection object at 0x7fc41c021480>: Failed to resolve 'huggingface.co' ([Errno -3] Temporary failure in name resolution)

The above exception was the direct cause of the following exception:

Traceback (most recent call last):
  File "/usr/local/lib/python3.10/dist-packages/requests/adapters.py", line 644, in send
    resp = conn.urlopen(
  File "/usr/local/lib/python3.10/dist-packages/urllib3/connectionpool.py", line 841, in urlopen
    retries = retries.increment(
  File "/usr/local/lib/python3.10/dist-packages/urllib3/util/retry.py", line 519, in increment
    raise MaxRetryError(_pool, url, reason) from reason  # type: ignore[arg-type]
urllib3.exceptions.MaxRetryError: HTTPSConnectionPool(host='huggingface.co', port=443): Max retries exceeded with url: /api/whoami-v2 (Caused by NameResolutionError("<urllib3.connection.HTTPSConnection object at 0x7fc41c021480>: Failed to resolve 'huggingface.co' ([Errno -3] Temporary failure in name resolution)"))

During handling of the above exception, another exception occurred:

Traceback (most recent call last):
  File "/usr/lib/python3.10/runpy.py", line 196, in _run_module_as_main
    return _run_code(code, main_globals, None,
  File "/usr/lib/python3.10/runpy.py", line 86, in _run_code
    exec(code, run_globals)
  File "/data/temporary/mika/repos/slide_2_vec/slide2vec/main.py", line 195, in <module>
    main(args)
  File "/data/temporary/mika/repos/slide_2_vec/slide2vec/main.py", line 147, in main
    hf_login()
  File "/data/temporary/mika/repos/slide_2_vec/slide2vec/utils/config.py", line 95, in hf_login
    login(os.environ["HF_TOKEN"])
  File "/usr/local/lib/python3.10/dist-packages/huggingface_hub/utils/_deprecation.py", line 101, in inner_f
    return f(*args, **kwargs)
  File "/usr/local/lib/python3.10/dist-packages/huggingface_hub/utils/_deprecation.py", line 31, in inner_f
    return f(*args, **kwargs)
  File "/usr/local/lib/python3.10/dist-packages/huggingface_hub/_login.py", line 126, in login
    _login(token, add_to_git_credential=add_to_git_credential)
  File "/usr/local/lib/python3.10/dist-packages/huggingface_hub/_login.py", line 404, in _login
    token_info = whoami(token)
  File "/usr/local/lib/python3.10/dist-packages/huggingface_hub/utils/_validators.py", line 114, in _inner_fn
    return fn(*args, **kwargs)
  File "/usr/local/lib/python3.10/dist-packages/huggingface_hub/hf_api.py", line 1777, in whoami
    r = get_session().get(
  File "/usr/local/lib/python3.10/dist-packages/requests/sessions.py", line 602, in get
    return self.request("GET", url, **kwargs)
  File "/usr/local/lib/python3.10/dist-packages/requests/sessions.py", line 589, in request
    resp = self.send(prep, **send_kwargs)
  File "/usr/local/lib/python3.10/dist-packages/requests/sessions.py", line 703, in send
    r = adapter.send(request, **kwargs)
  File "/usr/local/lib/python3.10/dist-packages/huggingface_hub/utils/_http.py", line 96, in send
    return super().send(request, *args, **kwargs)
  File "/usr/local/lib/python3.10/dist-packages/requests/adapters.py", line 677, in send
    raise ConnectionError(e, request=request)
requests.exceptions.ConnectionError: (MaxRetryError('HTTPSConnectionPool(host=\'huggingface.co\', port=443): Max retries exceeded with url: /api/whoami-v2 (Caused by NameResolutionError("<urllib3.connection.HTTPSConnection object at 0x7fc41c021480>: Failed to resolve \'huggingface.co\' ([Errno -3] Temporary failure in name resolution)"))'), '(Request ID: 5b3f0956-0466-47ef-9ac2-078da0b1cdcd)')
✅ Slide2Vec job completed.
